<?xml version="1.0" encoding="UTF-8"?>
<!-- Generated by org.testng.reporters.JUnitReportReporter -->
<testsuite name="com.practice.TC14" tests="1" time="47.894" ignored="0" failures="0" timestamp="25 Sep 2021 06:15:54 GMT" skipped="0" hostname="DESKTOP-Q1UIHP7" errors="0">
  <testcase name="loginpage" time="47.894" classname="com.practice.TC14"/>
</testsuite> <!-- com.practice.TC14 -->
