<?xml version="1.0" encoding="UTF-8"?>
<!-- Generated by org.testng.reporters.JUnitReportReporter -->
<testsuite name="com.practice.TC13" tests="1" time="25.030" ignored="0" failures="0" timestamp="25 Sep 2021 06:06:35 GMT" skipped="0" hostname="DESKTOP-Q1UIHP7" errors="0">
  <testcase name="loginpage" time="25.030" classname="com.practice.TC13"/>
</testsuite> <!-- com.practice.TC13 -->
