<?xml version="1.0" encoding="UTF-8"?>
<!-- Generated by org.testng.reporters.JUnitReportReporter -->
<testsuite name="com.registerPage.TC5" tests="1" time="24.880" ignored="0" failures="0" timestamp="25 Sep 2021 06:51:00 GMT" skipped="0" hostname="DESKTOP-Q1UIHP7" errors="0">
  <testcase name="loginpage" time="24.880" classname="com.registerPage.TC5"/>
</testsuite> <!-- com.registerPage.TC5 -->
