<?xml version="1.0" encoding="UTF-8"?>
<!-- Generated by org.testng.reporters.JUnitReportReporter -->
<testsuite name="com.registerPage.TC4" tests="1" time="19.376" ignored="0" failures="0" timestamp="25 Sep 2021 06:35:57 GMT" skipped="0" hostname="DESKTOP-Q1UIHP7" errors="0">
  <testcase name="loginpage" time="19.376" classname="com.registerPage.TC4"/>
</testsuite> <!-- com.registerPage.TC4 -->
