<?xml version="1.0" encoding="UTF-8"?>
<!-- Generated by org.testng.reporters.JUnitReportReporter -->
<testsuite name="com.practice.TC9" tests="1" time="30.449" ignored="0" failures="0" timestamp="25 Sep 2021 05:42:41 GMT" skipped="0" hostname="DESKTOP-Q1UIHP7" errors="0">
  <testcase name="loginpage" time="30.449" classname="com.practice.TC9"/>
</testsuite> <!-- com.practice.TC9 -->
