<?xml version="1.0" encoding="UTF-8"?>
<!-- Generated by org.testng.reporters.JUnitReportReporter -->
<testsuite name="com.practice.TC3" tests="1" time="26.567" ignored="0" failures="0" timestamp="22 Sep 2021 10:06:38 GMT" skipped="0" hostname="DESKTOP-Q1UIHP7" errors="0">
  <testcase name="loginpage" time="26.567" classname="com.practice.TC3"/>
</testsuite> <!-- com.practice.TC3 -->
