<?xml version="1.0" encoding="UTF-8"?>
<!-- Generated by org.testng.reporters.JUnitReportReporter -->
<testsuite name="com.practice.TC4" tests="1" time="21.137" ignored="0" failures="0" timestamp="22 Sep 2021 10:31:44 GMT" skipped="0" hostname="DESKTOP-Q1UIHP7" errors="0">
  <testcase name="loginpage" time="21.137" classname="com.practice.TC4"/>
</testsuite> <!-- com.practice.TC4 -->
