<?xml version="1.0" encoding="UTF-8"?>
<!-- Generated by org.testng.reporters.JUnitReportReporter -->
<testsuite name="com.practice.Tc11" tests="1" time="44.427" ignored="0" failures="0" timestamp="25 Sep 2021 05:54:43 GMT" skipped="0" hostname="DESKTOP-Q1UIHP7" errors="0">
  <testcase name="loginpage" time="44.427" classname="com.practice.Tc11"/>
</testsuite> <!-- com.practice.Tc11 -->
