<?xml version="1.0" encoding="UTF-8"?>
<!-- Generated by org.testng.reporters.JUnitReportReporter -->
<testsuite name="com.practice.TC5" tests="1" time="52.295" ignored="0" failures="0" timestamp="25 Sep 2021 06:26:09 GMT" skipped="0" hostname="DESKTOP-Q1UIHP7" errors="0">
  <testcase name="loginpage" time="52.295" classname="com.practice.TC5"/>
</testsuite> <!-- com.practice.TC5 -->
