<?xml version="1.0" encoding="UTF-8"?>
<!-- Generated by org.testng.reporters.JUnitReportReporter -->
<testsuite name="com.practice.TC7" tests="1" time="24.002" ignored="0" failures="0" timestamp="24 Sep 2021 08:55:13 GMT" skipped="0" hostname="DESKTOP-Q1UIHP7" errors="0">
  <testcase name="loginpage" time="24.002" classname="com.practice.TC7"/>
</testsuite> <!-- com.practice.TC7 -->
