<?xml version="1.0" encoding="UTF-8"?>
<!-- Generated by org.testng.reporters.JUnitReportReporter -->
<testsuite name="com.practice.TC12" tests="1" time="28.233" ignored="0" failures="0" timestamp="25 Sep 2021 06:00:41 GMT" skipped="0" hostname="DESKTOP-Q1UIHP7" errors="0">
  <testcase name="loginpage" time="28.233" classname="com.practice.TC12"/>
</testsuite> <!-- com.practice.TC12 -->
