<?xml version="1.0" encoding="UTF-8"?>
<!-- Generated by org.testng.reporters.JUnitReportReporter -->
<testsuite name="com.practice.TC6" tests="1" time="36.721" ignored="0" failures="0" timestamp="22 Sep 2021 12:06:36 GMT" skipped="0" hostname="DESKTOP-Q1UIHP7" errors="0">
  <testcase name="loginpage" time="36.721" classname="com.practice.TC6"/>
</testsuite> <!-- com.practice.TC6 -->
