<?xml version="1.0" encoding="UTF-8"?>
<!-- Generated by org.testng.reporters.JUnitReportReporter -->
<testsuite name="com.practice.TC1" tests="1" time="67.724" ignored="0" failures="0" timestamp="22 Sep 2021 09:32:33 GMT" skipped="0" hostname="DESKTOP-Q1UIHP7" errors="0">
  <testcase name="loginpage" time="67.724" classname="com.practice.TC1"/>
</testsuite> <!-- com.practice.TC1 -->
