<?xml version="1.0" encoding="UTF-8"?>
<!-- Generated by org.testng.reporters.JUnitReportReporter -->
<testsuite name="com.registerPage.TC3" tests="1" time="32.722" ignored="0" failures="0" timestamp="25 Sep 2021 06:32:14 GMT" skipped="0" hostname="DESKTOP-Q1UIHP7" errors="0">
  <testcase name="loginpage" time="32.722" classname="com.registerPage.TC3"/>
</testsuite> <!-- com.registerPage.TC3 -->
